{
  "RSpec": {
    "coverage": {
      "/Users/SM/Developer/Personal/RoR/con_sync/spec/dummy/config/environment.rb": [
        null,
        1,
        null,
        null,
        1
      ],
      "/Users/SM/Developer/Personal/RoR/con_sync/spec/dummy/config/application.rb": [
        1,
        null,
        1,
        null,
        1,
        1,
        null,
        1,
        1,
        null,
        null,
        null,
        null,
        null,
        null,
        null,
        null,
        null,
        null,
        null,
        null,
        null,
        1,
        null,
        null,
        null
      ],
      "/Users/SM/Developer/Personal/RoR/con_sync/spec/dummy/config/boot.rb": [
        null,
        1,
        null,
        1,
        1
      ],
      "/Users/SM/Developer/Personal/RoR/con_sync/lib/contact_sync.rb": [
        1,
        1,
        null,
        1,
        1,
        1,
        1,
        1,
        null,
        1,
        1,
        0,
        null,
        null,
        null,
        1
      ],
      "/Users/SM/Developer/Personal/RoR/con_sync/lib/contact_sync/engine.rb": [
        1,
        1,
        1,
        null,
        null
      ],
      "/Users/SM/Developer/Personal/RoR/con_sync/lib/contact_sync/util/string_phone.rb": [
        1,
        null,
        1,
        1,
        null,
        1,
        0,
        0,
        0,
        null,
        0,
        0,
        0,
        0,
        0,
        0,
        0,
        0,
        0,
        null,
        0,
        null,
        null,
        null,
        null,
        null,
        1
      ],
      "/Users/SM/Developer/Personal/RoR/con_sync/lib/contact_sync/util/global_phone.rb": [
        1,
        1
      ],
      "/Users/SM/Developer/Personal/RoR/con_sync/lib/contact_sync/acts_as_syncable.rb": [
        1,
        1,
        1,
        0,
        null,
        null,
        null
      ],
      "/Users/SM/Developer/Personal/RoR/con_sync/lib/contact_sync/syncable.rb": [
        1,
        1,
        1,
        0,
        null,
        null,
        1,
        0,
        0,
        0,
        null,
        null,
        1,
        0,
        0,
        null,
        0,
        null,
        null,
        1,
        0,
        0,
        null,
        null,
        null,
        0,
        0,
        0,
        0,
        0,
        null,
        0,
        0,
        null,
        0,
        0,
        0,
        0,
        null,
        null,
        0,
        0,
        0,
        null,
        null,
        0,
        null,
        0,
        null,
        0,
        null,
        null,
        null,
        null,
        null,
        0,
        0,
        0,
        0,
        0,
        0,
        0,
        null,
        null,
        null,
        null,
        null,
        null,
        null,
        null,
        0,
        0,
        0,
        0,
        null,
        null,
        0,
        null,
        null,
        null,
        0,
        0,
        0,
        null,
        null,
        1,
        0,
        0,
        0,
        0,
        0,
        0,
        null,
        null,
        0,
        0,
        0,
        null,
        0,
        0,
        0,
        null,
        0,
        null,
        null,
        1,
        1,
        0,
        null,
        null,
        1,
        0,
        null,
        null,
        1,
        0,
        null,
        null,
        1,
        0,
        null,
        null,
        null
      ],
      "/Users/SM/Developer/Personal/RoR/con_sync/spec/dummy/config/environments/test.rb": [
        1,
        null,
        null,
        null,
        null,
        null,
        null,
        1,
        null,
        null,
        null,
        null,
        1,
        null,
        null,
        1,
        1,
        null,
        null,
        1,
        1,
        null,
        null,
        1,
        null,
        null,
        1,
        null,
        null,
        null,
        null,
        1,
        null,
        null,
        1,
        null,
        null,
        1,
        null,
        null,
        null,
        null
      ],
      "/Users/SM/Developer/Personal/RoR/con_sync/spec/dummy/config/initializers/assets.rb": [
        null,
        null,
        null,
        1,
        null,
        null,
        null,
        null,
        null,
        null,
        null
      ],
      "/Users/SM/Developer/Personal/RoR/con_sync/spec/dummy/config/initializers/backtrace_silencers.rb": [
        null,
        null,
        null,
        null,
        null,
        null,
        null
      ],
      "/Users/SM/Developer/Personal/RoR/con_sync/spec/dummy/config/initializers/cookies_serializer.rb": [
        null,
        null,
        1
      ],
      "/Users/SM/Developer/Personal/RoR/con_sync/spec/dummy/config/initializers/filter_parameter_logging.rb": [
        null,
        null,
        null,
        1
      ],
      "/Users/SM/Developer/Personal/RoR/con_sync/spec/dummy/config/initializers/inflections.rb": [
        null,
        null,
        null,
        null,
        null,
        null,
        null,
        null,
        null,
        null,
        null,
        null,
        null,
        null,
        null,
        null
      ],
      "/Users/SM/Developer/Personal/RoR/con_sync/spec/dummy/config/initializers/mime_types.rb": [
        null,
        null,
        null,
        null
      ],
      "/Users/SM/Developer/Personal/RoR/con_sync/spec/dummy/config/initializers/session_store.rb": [
        null,
        null,
        1
      ],
      "/Users/SM/Developer/Personal/RoR/con_sync/spec/dummy/config/initializers/wrap_parameters.rb": [
        null,
        null,
        null,
        null,
        null,
        null,
        1,
        0,
        null,
        null,
        null,
        null,
        null,
        null
      ],
      "/Users/SM/Developer/Personal/RoR/con_sync/spec/dummy/config/routes.rb": [
        1,
        null,
        1,
        null
      ]
    },
    "timestamp": 1432289315
  }
}
